c:\users\noura\desktop\final version\consoleapplication1\consoleapplication1\debug\vc140.pdb
c:\users\noura\desktop\final version\consoleapplication1\consoleapplication1\debug\vc140.idb
c:\users\noura\desktop\final version\consoleapplication1\consoleapplication1\debug\animated.obj
c:\users\noura\desktop\final version\consoleapplication1\consoleapplication1\debug\controller.obj
c:\users\noura\desktop\final version\consoleapplication1\consoleapplication1\debug\enemy.obj
c:\users\noura\desktop\final version\consoleapplication1\consoleapplication1\debug\game.obj
c:\users\noura\desktop\final version\consoleapplication1\consoleapplication1\debug\gameobject.obj
c:\users\noura\desktop\final version\consoleapplication1\consoleapplication1\debug\gas.obj
c:\users\noura\desktop\final version\consoleapplication1\consoleapplication1\debug\healthpack.obj
c:\users\noura\desktop\final version\consoleapplication1\consoleapplication1\debug\item.obj
c:\users\noura\desktop\final version\consoleapplication1\consoleapplication1\debug\keys.obj
c:\users\noura\desktop\final version\consoleapplication1\consoleapplication1\debug\main.obj
c:\users\noura\desktop\final version\consoleapplication1\consoleapplication1\debug\menu.obj
c:\users\noura\desktop\final version\consoleapplication1\consoleapplication1\debug\model.obj
c:\users\noura\desktop\final version\consoleapplication1\consoleapplication1\debug\motorcycle.obj
c:\users\noura\desktop\final version\consoleapplication1\consoleapplication1\debug\player.obj
c:\users\noura\desktop\final version\consoleapplication1\consoleapplication1\debug\renderable.obj
c:\users\noura\desktop\final version\consoleapplication1\consoleapplication1\debug\room.obj
c:\users\noura\desktop\final version\consoleapplication1\consoleapplication1\debug\updateable.obj
c:\users\noura\desktop\final version\consoleapplication1\consoleapplication1\debug\view.obj
c:\users\noura\desktop\final version\consoleapplication1\consoleapplication1\debug\world.obj
c:\users\noura\desktop\final version\consoleapplication1\debug\consoleapplication1.ilk
c:\users\noura\desktop\final version\consoleapplication1\debug\consoleapplication1.exe
c:\users\noura\desktop\final version\consoleapplication1\debug\consoleapplication1.pdb
c:\users\noura\desktop\final version\consoleapplication1\consoleapplication1\debug\consolea.1a12e09d.tlog\cl.command.1.tlog
c:\users\noura\desktop\final version\consoleapplication1\consoleapplication1\debug\consolea.1a12e09d.tlog\cl.read.1.tlog
c:\users\noura\desktop\final version\consoleapplication1\consoleapplication1\debug\consolea.1a12e09d.tlog\cl.write.1.tlog
c:\users\noura\desktop\final version\consoleapplication1\consoleapplication1\debug\consolea.1a12e09d.tlog\link.command.1.tlog
c:\users\noura\desktop\final version\consoleapplication1\consoleapplication1\debug\consolea.1a12e09d.tlog\link.read.1.tlog
c:\users\noura\desktop\final version\consoleapplication1\consoleapplication1\debug\consolea.1a12e09d.tlog\link.write.1.tlog
